[0.175s] Invoking command in '/home/taehwan/ros2_ws/build/ros_controller_pkg': /usr/bin/cmake --build /home/taehwan/ros2_ws/build/ros_controller_pkg -- -j12 -l12
[0.274s] -- Found ament_cmake: 1.3.12 (/home/taehwan/ros2_humble/install/ament_cmake/share/ament_cmake/cmake)
[0.437s] Traceback (most recent call last):
[0.437s]   File "/home/taehwan/ros2_humble/install/ament_cmake_core/share/ament_cmake_core/cmake/package_templates/templates_2_cmake.py", line 21, in <module>
[0.437s]     from ament_package.templates import get_environment_hook_template_path
[0.437s] ModuleNotFoundError: No module named 'ament_package'
[0.449s] [31mCMake Error at /home/taehwan/ros2_humble/install/ament_cmake_core/share/ament_cmake_core/cmake/ament_cmake_package_templates-extras.cmake:41 (message):
[0.449s]   execute_process(/usr/bin/python3
[0.449s]   /home/taehwan/ros2_humble/install/ament_cmake_core/share/ament_cmake_core/cmake/package_templates/templates_2_cmake.py
[0.449s]   /home/taehwan/ros2_ws/build/ros_controller_pkg/ament_cmake_package_templates/templates.cmake)
[0.450s]   returned error code 1
[0.450s] Call Stack (most recent call first):
[0.450s]   /home/taehwan/ros2_humble/install/ament_cmake_core/share/ament_cmake_core/cmake/ament_cmake_coreConfig.cmake:41 (include)
[0.450s]   /home/taehwan/ros2_humble/install/ament_cmake/share/ament_cmake/cmake/ament_cmake_export_dependencies-extras.cmake:15 (find_package)
[0.450s]   /home/taehwan/ros2_humble/install/ament_cmake/share/ament_cmake/cmake/ament_cmakeConfig.cmake:41 (include)
[0.450s]   CMakeLists.txt:5 (find_package)
[0.450s] 
[0.450s] [0m
[0.451s] -- Configuring incomplete, errors occurred!
[0.451s] See also "/home/taehwan/ros2_ws/build/ros_controller_pkg/CMakeFiles/CMakeOutput.log".
[0.452s] gmake: *** [Makefile:747: cmake_check_build_system] Error 1
[0.455s] Invoked command in '/home/taehwan/ros2_ws/build/ros_controller_pkg' returned '2': /usr/bin/cmake --build /home/taehwan/ros2_ws/build/ros_controller_pkg -- -j12 -l12
